<?xml version="1.0" encoding="UTF-8"?>
<!-- Generated by org.testng.reporters.JUnitReportReporter -->
<testsuite skipped="0" hostname="DESKTOP-OM2QHAP" name="listenersDemo.VerifyGoogleTitle" tests="1" failures="0" timestamp="06 Oct 2019 17:33:01 GMT" time="10.394" errors="0">
  <testcase name="verifyGoogleTitle" time="10.394" classname="listenersDemo.VerifyGoogleTitle"/>
</testsuite> <!-- listenersDemo.VerifyGoogleTitle -->
